# JRE version: OpenJDK Runtime Environment (8.0_242-b01) (build 1.8.0_242-release-1644-b01)
# Java VM: OpenJDK 64-Bit Server VM (25.242-b01 mixed mode windows-amd64 compressed oops)
Heap:
 PSYoungGen      total 501248K, used 295384K [0x00000000d5580000, 0x00000000faf80000, 0x0000000100000000)
  eden space 428544K, 61% used [0x00000000d5580000,0x00000000e5856dc0,0x00000000ef800000)
  from space 72704K, 41% used [0x00000000ef800000,0x00000000f159f4f0,0x00000000f3f00000)
  to   space 69120K, 0% used [0x00000000f6c00000,0x00000000f6c00000,0x00000000faf80000)
 ParOldGen       total 235520K, used 161188K [0x0000000080000000, 0x000000008e600000, 0x00000000d5580000)
  object space 235520K, 68% used [0x0000000080000000,0x0000000089d69168,0x000000008e600000)
 Metaspace       used 116087K, capacity 121846K, committed 122024K, reserved 1155072K
  class space    used 14897K, capacity 16018K, committed 16048K, reserved 1048576K
GC Heap History (10 events):
Event: 47.844 GC heap before
{Heap before GC invocations=21 (full 4):
 PSYoungGen      total 372736K, used 352198K [0x00000000d5580000, 0x00000000f2700000, 0x0000000100000000)
  eden space 338944K, 100% used [0x00000000d5580000,0x00000000ea080000,0x00000000ea080000)
  from space 33792K, 39% used [0x00000000ed900000,0x00000000ee5f18b8,0x00000000efa00000)
  to   space 57856K, 0% used [0x00000000ea080000,0x00000000ea080000,0x00000000ed900000)
 ParOldGen       total 235520K, used 113245K [0x0000000080000000, 0x000000008e600000, 0x00000000d5580000)
  object space 235520K, 48% used [0x0000000080000000,0x0000000086e97520,0x000000008e600000)
 Metaspace       used 98130K, capacity 101864K, committed 102312K, reserved 1138688K
  class space    used 12714K, capacity 13377K, committed 13488K, reserved 1048576K
Event: 47.974 GC heap after
Heap after GC invocations=21 (full 4):
 PSYoungGen      total 396800K, used 25764K [0x00000000d5580000, 0x00000000f3f00000, 0x0000000100000000)
  eden space 338944K, 0% used [0x00000000d5580000,0x00000000d5580000,0x00000000ea080000)
  from space 57856K, 44% used [0x00000000ea080000,0x00000000eb9a9060,0x00000000ed900000)
  to   space 55808K, 0% used [0x00000000f0880000,0x00000000f0880000,0x00000000f3f00000)
 ParOldGen       total 235520K, used 126645K [0x0000000080000000, 0x000000008e600000, 0x00000000d5580000)
  object space 235520K, 53% used [0x0000000080000000,0x0000000087bad520,0x000000008e600000)
 Metaspace       used 98130K, capacity 101864K, committed 102312K, reserved 1138688K
  class space    used 12714K, capacity 13377K, committed 13488K, reserved 1048576K
}
Event: 50.805 GC heap before
{Heap before GC invocations=22 (full 4):
 PSYoungGen      total 396800K, used 364708K [0x00000000d5580000, 0x00000000f3f00000, 0x0000000100000000)
  eden space 338944K, 100% used [0x00000000d5580000,0x00000000ea080000,0x00000000ea080000)
  from space 57856K, 44% used [0x00000000ea080000,0x00000000eb9a9060,0x00000000ed900000)
  to   space 55808K, 0% used [0x00000000f0880000,0x00000000f0880000,0x00000000f3f00000)
 ParOldGen       total 235520K, used 126645K [0x0000000080000000, 0x000000008e600000, 0x00000000d5580000)
  object space 235520K, 53% used [0x0000000080000000,0x0000000087bad520,0x000000008e600000)
 Metaspace       used 108507K, capacity 113858K, committed 114088K, reserved 1148928K
  class space    used 14272K, capacity 15270K, committed 15280K, reserved 1048576K
Event: 50.857 GC heap after
Heap after GC invocations=22 (full 4):
 PSYoungGen      total 432128K, used 55790K [0x00000000d5580000, 0x00000000f5a00000, 0x0000000100000000)
  eden space 376320K, 0% used [0x00000000d5580000,0x00000000d5580000,0x00000000ec500000)
  from space 55808K, 99% used [0x00000000f0880000,0x00000000f3efb890,0x00000000f3f00000)
  to   space 69120K, 0% used [0x00000000ec500000,0x00000000ec500000,0x00000000f0880000)
 ParOldGen       total 235520K, used 136795K [0x0000000080000000, 0x000000008e600000, 0x00000000d5580000)
  object space 235520K, 58% used [0x0000000080000000,0x0000000088596d58,0x000000008e600000)
 Metaspace       used 108507K, capacity 113858K, committed 114088K, reserved 1148928K
  class space    used 14272K, capacity 15270K, committed 15280K, reserved 1048576K
}
Event: 54.670 GC heap before
{Heap before GC invocations=23 (full 4):
 PSYoungGen      total 432128K, used 432110K [0x00000000d5580000, 0x00000000f5a00000, 0x0000000100000000)
  eden space 376320K, 100% used [0x00000000d5580000,0x00000000ec500000,0x00000000ec500000)
  from space 55808K, 99% used [0x00000000f0880000,0x00000000f3efb890,0x00000000f3f00000)
  to   space 69120K, 0% used [0x00000000ec500000,0x00000000ec500000,0x00000000f0880000)
 ParOldGen       total 235520K, used 136795K [0x0000000080000000, 0x000000008e600000, 0x00000000d5580000)
  object space 235520K, 58% used [0x0000000080000000,0x0000000088596d58,0x000000008e600000)
 Metaspace       used 112533K, capacity 118050K, committed 118184K, reserved 1150976K
  class space    used 14687K, capacity 15718K, committed 15792K, reserved 1048576K
Event: 54.764 GC heap after
Heap after GC invocations=23 (full 4):
 PSYoungGen      total 445440K, used 11063K [0x00000000d5580000, 0x00000000f8400000, 0x0000000100000000)
  eden space 376320K, 0% used [0x00000000d5580000,0x00000000d5580000,0x00000000ec500000)
  from space 69120K, 16% used [0x00000000ec500000,0x00000000ecfcddf8,0x00000000f0880000)
  to   space 67072K, 0% used [0x00000000f4280000,0x00000000f4280000,0x00000000f8400000)
 ParOldGen       total 235520K, used 161172K [0x0000000080000000, 0x000000008e600000, 0x00000000d5580000)
  object space 235520K, 68% used [0x0000000080000000,0x0000000089d65168,0x000000008e600000)
 Metaspace       used 112533K, capacity 118050K, committed 118184K, reserved 1150976K
  class space    used 14687K, capacity 15718K, committed 15792K, reserved 1048576K
}
Event: 121.897 GC heap before
{Heap before GC invocations=24 (full 4):
 PSYoungGen      total 445440K, used 387383K [0x00000000d5580000, 0x00000000f8400000, 0x0000000100000000)
  eden space 376320K, 100% used [0x00000000d5580000,0x00000000ec500000,0x00000000ec500000)
  from space 69120K, 16% used [0x00000000ec500000,0x00000000ecfcddf8,0x00000000f0880000)
  to   space 67072K, 0% used [0x00000000f4280000,0x00000000f4280000,0x00000000f8400000)
 ParOldGen       total 235520K, used 161172K [0x0000000080000000, 0x000000008e600000, 0x00000000d5580000)
  object space 235520K, 68% used [0x0000000080000000,0x0000000089d65168,0x000000008e600000)
 Metaspace       used 114547K, capacity 120230K, committed 120360K, reserved 1153024K
  class space    used 14791K, capacity 15816K, committed 15920K, reserved 1048576K
Event: 121.987 GC heap after
Heap after GC invocations=24 (full 4):
 PSYoungGen      total 495616K, used 49816K [0x00000000d5580000, 0x00000000f8600000, 0x0000000100000000)
  eden space 428544K, 0% used [0x00000000d5580000,0x00000000d5580000,0x00000000ef800000)
  from space 67072K, 74% used [0x00000000f4280000,0x00000000f7326358,0x00000000f8400000)
  to   space 72704K, 0% used [0x00000000ef800000,0x00000000ef800000,0x00000000f3f00000)
 ParOldGen       total 235520K, used 161180K [0x0000000080000000, 0x000000008e600000, 0x00000000d5580000)
  object space 235520K, 68% used [0x0000000080000000,0x0000000089d67168,0x000000008e600000)
 Metaspace       used 114547K, capacity 120230K, committed 120360K, reserved 1153024K
  class space    used 14791K, capacity 15816K, committed 15920K, reserved 1048576K
}
Event: 172.792 GC heap before
{Heap before GC invocations=25 (full 4):
 PSYoungGen      total 495616K, used 478360K [0x00000000d5580000, 0x00000000f8600000, 0x0000000100000000)
  eden space 428544K, 100% used [0x00000000d5580000,0x00000000ef800000,0x00000000ef800000)
  from space 67072K, 74% used [0x00000000f4280000,0x00000000f7326358,0x00000000f8400000)
  to   space 72704K, 0% used [0x00000000ef800000,0x00000000ef800000,0x00000000f3f00000)
 ParOldGen       total 235520K, used 161180K [0x0000000080000000, 0x000000008e600000, 0x00000000d5580000)
  object space 235520K, 68% used [0x0000000080000000,0x0000000089d67168,0x000000008e600000)
 Metaspace       used 114982K, capacity 120726K, committed 120872K, reserved 1155072K
  class space    used 14805K, capacity 15898K, committed 15920K, reserved 1048576K
Event: 172.828 GC heap after
Heap after GC invocations=25 (full 4):
 PSYoungGen      total 501248K, used 30333K [0x00000000d5580000, 0x00000000faf80000, 0x0000000100000000)
  eden space 428544K, 0% used [0x00000000d5580000,0x00000000d5580000,0x00000000ef800000)
  from space 72704K, 41% used [0x00000000ef800000,0x00000000f159f4f0,0x00000000f3f00000)
  to   space 69120K, 0% used [0x00000000f6c00000,0x00000000f6c00000,0x00000000faf80000)
 ParOldGen       total 235520K, used 161188K [0x0000000080000000, 0x000000008e600000, 0x00000000d5580000)
  object space 235520K, 68% used [0x0000000080000000,0x0000000089d69168,0x000000008e600000)
 Metaspace       used 114982K, capacity 120726K, committed 120872K, reserved 1155072K
  class space    used 14805K, capacity 15898K, committed 15920K, reserved 1048576K
}

