# JRE version: OpenJDK Runtime Environment (8.0_242-b01) (build 1.8.0_242-release-1644-b01)
# Java VM: OpenJDK 64-Bit Server VM (25.242-b01 mixed mode windows-amd64 compressed oops)
Heap:
 PSYoungGen      total 371712K, used 142179K [0x00000000d5580000, 0x00000000f1500000, 0x0000000100000000)
  eden space 322048K, 33% used [0x00000000d5580000,0x00000000dbdce0d8,0x00000000e9000000)
  from space 49664K, 71% used [0x00000000ee480000,0x00000000f070ab80,0x00000000f1500000)
  to   space 68096K, 0% used [0x00000000e9000000,0x00000000e9000000,0x00000000ed280000)
 ParOldGen       total 297984K, used 167454K [0x0000000080000000, 0x0000000092300000, 0x00000000d5580000)
  object space 297984K, 56% used [0x0000000080000000,0x000000008a387af8,0x0000000092300000)
 Metaspace       used 94071K, capacity 97794K, committed 97944K, reserved 1134592K
  class space    used 12005K, capacity 12693K, committed 12704K, reserved 1048576K
GC Heap History (10 events):
Event: 20.000 GC heap before
{Heap before GC invocations=16 (full 3):
 PSYoungGen      total 248832K, used 228352K [0x00000000d5580000, 0x00000000e5d80000, 0x0000000100000000)
  eden space 228352K, 100% used [0x00000000d5580000,0x00000000e3480000,0x00000000e3480000)
  from space 20480K, 0% used [0x00000000e4800000,0x00000000e4800000,0x00000000e5c00000)
  to   space 19968K, 0% used [0x00000000e3480000,0x00000000e3480000,0x00000000e4800000)
 ParOldGen       total 112640K, used 32945K [0x0000000080000000, 0x0000000086e00000, 0x00000000d5580000)
  object space 112640K, 29% used [0x0000000080000000,0x000000008202c510,0x0000000086e00000)
 Metaspace       used 67363K, capacity 70458K, committed 70808K, reserved 1110016K
  class space    used 9199K, capacity 9763K, committed 9888K, reserved 1048576K
Event: 20.040 GC heap after
Heap after GC invocations=16 (full 3):
 PSYoungGen      total 248320K, used 19961K [0x00000000d5580000, 0x00000000e9400000, 0x0000000100000000)
  eden space 228352K, 0% used [0x00000000d5580000,0x00000000d5580000,0x00000000e3480000)
  from space 19968K, 99% used [0x00000000e3480000,0x00000000e47fe560,0x00000000e4800000)
  to   space 23552K, 0% used [0x00000000e7d00000,0x00000000e7d00000,0x00000000e9400000)
 ParOldGen       total 112640K, used 34217K [0x0000000080000000, 0x0000000086e00000, 0x00000000d5580000)
  object space 112640K, 30% used [0x0000000080000000,0x000000008216a660,0x0000000086e00000)
 Metaspace       used 67363K, capacity 70458K, committed 70808K, reserved 1110016K
  class space    used 9199K, capacity 9763K, committed 9888K, reserved 1048576K
}
Event: 22.855 GC heap before
{Heap before GC invocations=17 (full 3):
 PSYoungGen      total 248320K, used 248313K [0x00000000d5580000, 0x00000000e9400000, 0x0000000100000000)
  eden space 228352K, 100% used [0x00000000d5580000,0x00000000e3480000,0x00000000e3480000)
  from space 19968K, 99% used [0x00000000e3480000,0x00000000e47fe560,0x00000000e4800000)
  to   space 23552K, 0% used [0x00000000e7d00000,0x00000000e7d00000,0x00000000e9400000)
 ParOldGen       total 112640K, used 34217K [0x0000000080000000, 0x0000000086e00000, 0x00000000d5580000)
  object space 112640K, 30% used [0x0000000080000000,0x000000008216a660,0x0000000086e00000)
 Metaspace       used 74556K, capacity 77998K, committed 78360K, reserved 1116160K
  class space    used 10012K, capacity 10677K, committed 10784K, reserved 1048576K
Event: 22.887 GC heap after
Heap after GC invocations=17 (full 3):
 PSYoungGen      total 298496K, used 19026K [0x00000000d5580000, 0x00000000e9400000, 0x0000000100000000)
  eden space 274944K, 0% used [0x00000000d5580000,0x00000000d5580000,0x00000000e6200000)
  from space 23552K, 80% used [0x00000000e7d00000,0x00000000e8f949b0,0x00000000e9400000)
  to   space 25600K, 0% used [0x00000000e6200000,0x00000000e6200000,0x00000000e7b00000)
 ParOldGen       total 112640K, used 47718K [0x0000000080000000, 0x0000000086e00000, 0x00000000d5580000)
  object space 112640K, 42% used [0x0000000080000000,0x0000000082e99b78,0x0000000086e00000)
 Metaspace       used 74556K, capacity 77998K, committed 78360K, reserved 1116160K
  class space    used 10012K, capacity 10677K, committed 10784K, reserved 1048576K
}
Event: 25.941 GC heap before
{Heap before GC invocations=18 (full 3):
 PSYoungGen      total 298496K, used 293970K [0x00000000d5580000, 0x00000000e9400000, 0x0000000100000000)
  eden space 274944K, 100% used [0x00000000d5580000,0x00000000e6200000,0x00000000e6200000)
  from space 23552K, 80% used [0x00000000e7d00000,0x00000000e8f949b0,0x00000000e9400000)
  to   space 25600K, 0% used [0x00000000e6200000,0x00000000e6200000,0x00000000e7b00000)
 ParOldGen       total 112640K, used 47718K [0x0000000080000000, 0x0000000086e00000, 0x00000000d5580000)
  object space 112640K, 42% used [0x0000000080000000,0x0000000082e99b78,0x0000000086e00000)
 Metaspace       used 87067K, capacity 90620K, committed 91032K, reserved 1128448K
  class space    used 11413K, capacity 12092K, committed 12192K, reserved 1048576K
Event: 26.069 GC heap after
Heap after GC invocations=18 (full 3):
 PSYoungGen      total 300544K, used 25596K [0x00000000d5580000, 0x00000000f2700000, 0x0000000100000000)
  eden space 274944K, 0% used [0x00000000d5580000,0x00000000d5580000,0x00000000e6200000)
  from space 25600K, 99% used [0x00000000e6200000,0x00000000e7aff128,0x00000000e7b00000)
  to   space 68096K, 0% used [0x00000000ee480000,0x00000000ee480000,0x00000000f2700000)
 ParOldGen       total 151552K, used 151096K [0x0000000080000000, 0x0000000089400000, 0x00000000d5580000)
  object space 151552K, 99% used [0x0000000080000000,0x000000008938e160,0x0000000089400000)
 Metaspace       used 87067K, capacity 90620K, committed 91032K, reserved 1128448K
  class space    used 11413K, capacity 12092K, committed 12192K, reserved 1048576K
}
Event: 26.069 GC heap before
{Heap before GC invocations=19 (full 4):
 PSYoungGen      total 300544K, used 25596K [0x00000000d5580000, 0x00000000f2700000, 0x0000000100000000)
  eden space 274944K, 0% used [0x00000000d5580000,0x00000000d5580000,0x00000000e6200000)
  from space 25600K, 99% used [0x00000000e6200000,0x00000000e7aff128,0x00000000e7b00000)
  to   space 68096K, 0% used [0x00000000ee480000,0x00000000ee480000,0x00000000f2700000)
 ParOldGen       total 151552K, used 151096K [0x0000000080000000, 0x0000000089400000, 0x00000000d5580000)
  object space 151552K, 99% used [0x0000000080000000,0x000000008938e160,0x0000000089400000)
 Metaspace       used 87067K, capacity 90620K, committed 91032K, reserved 1128448K
  class space    used 11413K, capacity 12092K, committed 12192K, reserved 1048576K
Event: 27.057 GC heap after
Heap after GC invocations=19 (full 4):
 PSYoungGen      total 300544K, used 17881K [0x00000000d5580000, 0x00000000f2700000, 0x0000000100000000)
  eden space 274944K, 0% used [0x00000000d5580000,0x00000000d5580000,0x00000000e6200000)
  from space 25600K, 69% used [0x00000000e6200000,0x00000000e73766f0,0x00000000e7b00000)
  to   space 68096K, 0% used [0x00000000ee480000,0x00000000ee480000,0x00000000f2700000)
 ParOldGen       total 297984K, used 151288K [0x0000000080000000, 0x0000000092300000, 0x00000000d5580000)
  object space 297984K, 50% used [0x0000000080000000,0x00000000893be178,0x0000000092300000)
 Metaspace       used 86959K, capacity 90304K, committed 91032K, reserved 1128448K
  class space    used 11379K, capacity 12032K, committed 12192K, reserved 1048576K
}
Event: 71.504 GC heap before
{Heap before GC invocations=20 (full 4):
 PSYoungGen      total 300544K, used 292825K [0x00000000d5580000, 0x00000000f2700000, 0x0000000100000000)
  eden space 274944K, 100% used [0x00000000d5580000,0x00000000e6200000,0x00000000e6200000)
  from space 25600K, 69% used [0x00000000e6200000,0x00000000e73766f0,0x00000000e7b00000)
  to   space 68096K, 0% used [0x00000000ee480000,0x00000000ee480000,0x00000000f2700000)
 ParOldGen       total 297984K, used 151288K [0x0000000080000000, 0x0000000092300000, 0x00000000d5580000)
  object space 297984K, 50% used [0x0000000080000000,0x00000000893be178,0x0000000092300000)
 Metaspace       used 92744K, capacity 96380K, committed 96536K, reserved 1132544K
  class space    used 11883K, capacity 12576K, committed 12576K, reserved 1048576K
Event: 71.755 GC heap after
Heap after GC invocations=20 (full 4):
 PSYoungGen      total 371712K, used 35370K [0x00000000d5580000, 0x00000000f1500000, 0x0000000100000000)
  eden space 322048K, 0% used [0x00000000d5580000,0x00000000d5580000,0x00000000e9000000)
  from space 49664K, 71% used [0x00000000ee480000,0x00000000f070ab80,0x00000000f1500000)
  to   space 68096K, 0% used [0x00000000e9000000,0x00000000e9000000,0x00000000ed280000)
 ParOldGen       total 297984K, used 167454K [0x0000000080000000, 0x0000000092300000, 0x00000000d5580000)
  object space 297984K, 56% used [0x0000000080000000,0x000000008a387af8,0x0000000092300000)
 Metaspace       used 92744K, capacity 96380K, committed 96536K, reserved 1132544K
  class space    used 11883K, capacity 12576K, committed 12576K, reserved 1048576K
}

